#
# A fatal error has been detected by the Java Runtime Environment:
#
#  SIGSEGV (0xb) at pc=0x000000011167cfc7, pid=17220, tid=0x000000000001371f
#
# JRE version: Java(TM) SE Runtime Environment (8.0_202-b08) (build 1.8.0_202-b08)
# Java VM: Java HotSpot(TM) 64-Bit Server VM (25.202-b08 mixed mode bsd-amd64 compressed oops)
# Problematic frame:
# C  [libawt_lwawt.dylib+0x1cfc7]  OGLSD_SetScratchSurface+0x49
#
# Failed to write core dump. Core dumps have been disabled. To enable core dumping, try "ulimit -c unlimited" before starting Java again
#
# If you would like to submit a bug report, please visit:
#   http://bugreport.java.com/bugreport/crash.jsp
# The crash happened outside the Java Virtual Machine in native code.
# See problematic frame for where to report the bug.
#

---------------  T H R E A D  ---------------

Current thread (0x00007f916dc6c800):  JavaThread "Java2D Queue Flusher" daemon [_thread_in_native, id=79647, stack(0x0000700009533000,0x0000700009633000)]

siginfo: si_signo: 11 (SIGSEGV), si_code: 1 (SEGV_MAPERR), si_addr: 0x0000000000000002

Registers:
RAX=0x00000000ffffffff, RBX=0x0000000000000002, RCX=0x0000000000000047, RDX=0x000000011169eab4
RSP=0x00007000096327f0, RBP=0x0000700009632810, RSI=0x00007f916f0f65a0, RDI=0x00007f916dc6c9f8
R8 =0x0000000000000cff, R9 =0xffffffff00000000, R10=0x00000001131d5238, R11=0x000000011320ab00
R12=0x0000000000000000, R13=0x00007000096329a8, R14=0x00007f916dc6c9f8, R15=0x00007f916dc6c800
RIP=0x000000011167cfc7, EFLAGS=0x0000000000010202, ERR=0x0000000000000004
  TRAPNO=0x000000000000000e

Top of Stack: (sp=0x00007000096327f0)
0x00007000096327f0:   00007f916f0f65a0 0000000000000000
0x0000700009632800:   00007f916d3dfc10 00007f916dc6c800
0x0000700009632810:   0000700009632890 000000011169e592
0x0000700009632820:   00007f916e322200 0000000200000001
0x0000700009632830:   0000000000000000 0000700009632900
0x0000700009632840:   0000000000000000 0000000000000000
0x0000700009632850:   0000700009632890 00007f916d3dfc20
0x0000700009632860:   00000000002985a8 00007f916dc6c9f8
0x0000700009632870:   0000000165841398 0000000000000000
0x0000700009632880:   0000700009632a28 00007f916dc6c800
0x0000700009632890:   00007000096328e0 00000001131d52aa
0x00007000096328a0:   00000006c000f9b8 000000010d53d0ec
0x00007000096328b0:   0000000000000064 0000000000000000
0x00007000096328c0:   0000000000000064 00007f916e321fa8
0x00007000096328d0:   0000700009632930 000000010d352b40
0x00007000096328e0:   0000700009632a00 000000011320b0fc
0x00007000096328f0:   0000000000000001 00007f916e3229f0
0x0000700009632900:   00000006c000fa00 00007f916dc6c800
0x0000700009632910:   00007f916dc6c800 000000010f920a00
0x0000700009632920:   0000700009632a28 00007f916dc6c800
0x0000700009632930:   0000700009632980 0000000113197728
0x0000700009632940:   00000006c000f9b8 000000011317c126
0x0000700009632950:   0000700009632a00 000000011320ab5c
0x0000700009632960:   0000000163b367c4 00007000096329a8
0x0000700009632970:   0000000163b36840 0000000000000000
0x0000700009632980:   0000700009632a00 0000000112c2c2bd
0x0000700009632990:   0000700009632a00 0000000112c2c2bd
0x00007000096329a0:   0000000112c2c2bd 00000006c000f9b8
0x00007000096329b0:   0000000000000003 00000006c000fa50
0x00007000096329c0:   00007000096329b0 000000012f2984a1
0x00007000096329d0:   0000700009632a28 000000012f298638
0x00007000096329e0:   0000000000000000 000000012f2985a8 

Instructions: (pc=0x000000011167cfc7)
0x000000011167cfa7:   c0 e9 82 00 00 00 48 8b 5e 10 48 85 db 75 0e bf
0x000000011167cfb7:   01 00 00 00 48 8d 15 cb 96 03 00 eb d6 49 89 fe
0x000000011167cfc7:   4c 8b 3b 30 c0 e8 ff bc 02 00 49 8b 3f 49 89 c4
0x000000011167cfd7:   48 8b 35 82 29 06 00 30 c0 e8 0b be 02 00 48 85 

Register to memory mapping:

RAX=0x00000000ffffffff is an unknown value
RBX=0x0000000000000002 is an unknown value
RCX=0x0000000000000047 is an unknown value
RDX=0x000000011169eab4: Java_sun_java2d_opengl_OGLRenderQueue_flushBuffer+0xb5c in /Applications/MATLAB_R2019b.app/sys/java/jre/maci64/jre/lib/libawt_lwawt.dylib at 0x0000000111660000
RSP=0x00007000096327f0 is pointing into the stack for thread: 0x00007f916dc6c800
RBP=0x0000700009632810 is pointing into the stack for thread: 0x00007f916dc6c800
RSI=0x00007f916f0f65a0 is an unknown value
RDI=0x00007f916dc6c9f8 is an unknown value
R8 =0x0000000000000cff is an unknown value
R9 =0xffffffff00000000 is an unknown value
R10=0x00000001131d5238 is at entry_point+56 in (nmethod*)0x00000001131d5090
R11=0x000000011320ab00 is at entry_point+0 in (nmethod*)0x000000011320a990
R12=0x0000000000000000 is an unknown value
R13=0x00007000096329a8 is pointing into the stack for thread: 0x00007f916dc6c800
R14=0x00007f916dc6c9f8 is an unknown value
R15=0x00007f916dc6c800 is a thread


Stack: [0x0000700009533000,0x0000700009633000],  sp=0x00007000096327f0,  free space=1021k
Native frames: (J=compiled Java code, j=interpreted, Vv=VM code, C=native code)
C  [libawt_lwawt.dylib+0x1cfc7]  OGLSD_SetScratchSurface+0x49
C  [libawt_lwawt.dylib+0x3e592]  Java_sun_java2d_opengl_OGLRenderQueue_flushBuffer+0x63a
J 1925  sun.java2d.opengl.OGLRenderQueue.flushBuffer(JI)V (0 bytes) @ 0x00000001131d52aa [0x00000001131d5200+0xaa]
J 2030 C1 sun.java2d.opengl.OGLRenderQueue.flushBuffer()V (41 bytes) @ 0x000000011320b0fc [0x000000011320aea0+0x25c]
J 2029 C1 sun.java2d.opengl.OGLRenderQueue.access$100(Lsun/java2d/opengl/OGLRenderQueue;)V (5 bytes) @ 0x000000011320ab5c [0x000000011320ab00+0x5c]
j  sun.java2d.opengl.OGLRenderQueue$QueueFlusher.run()V+81
v  ~StubRoutines::call_stub
V  [libjvm.dylib+0x2f0d1e]
V  [libjvm.dylib+0x2f14c2]
V  [libjvm.dylib+0x2f166e]
V  [libjvm.dylib+0x34bf5d]
V  [libjvm.dylib+0x570b93]
V  [libjvm.dylib+0x57228e]
V  [libjvm.dylib+0x48f30a]
C  [libsystem_pthread.dylib+0x6109]  _pthread_start+0x94
C  [libsystem_pthread.dylib+0x1b8b]  thread_start+0xf
C  0x0000000000000000

Java frames: (J=compiled Java code, j=interpreted, Vv=VM code)
J 1925  sun.java2d.opengl.OGLRenderQueue.flushBuffer(JI)V (0 bytes) @ 0x00000001131d5238 [0x00000001131d5200+0x38]
J 2030 C1 sun.java2d.opengl.OGLRenderQueue.flushBuffer()V (41 bytes) @ 0x000000011320b0fc [0x000000011320aea0+0x25c]
J 2029 C1 sun.java2d.opengl.OGLRenderQueue.access$100(Lsun/java2d/opengl/OGLRenderQueue;)V (5 bytes) @ 0x000000011320ab5c [0x000000011320ab00+0x5c]
j  sun.java2d.opengl.OGLRenderQueue$QueueFlusher.run()V+81
v  ~StubRoutines::call_stub

---------------  P R O C E S S  ---------------

Java Threads: ( => current thread )
  0x00007f916c0fd800 JavaThread "Timer-0" daemon [_thread_blocked, id=56855, stack(0x000070000993f000,0x0000700009a3f000)]
  0x00007f916d958000 JavaThread "TimerQueue" daemon [_thread_blocked, id=76055, stack(0x000070000983c000,0x000070000993c000)]
  0x00007f916d17c000 JavaThread "Java2D Disposer" daemon [_thread_blocked, id=52503, stack(0x0000700009636000,0x0000700009736000)]
=>0x00007f916dc6c800 JavaThread "Java2D Queue Flusher" daemon [_thread_in_native, id=79647, stack(0x0000700009533000,0x0000700009633000)]
  0x00007f916c240000 JavaThread "MultiThreadedHttpConnectionManager cleanup" daemon [_thread_blocked, id=51999, stack(0x0000700009430000,0x0000700009530000)]
  0x00007f916db10000 JavaThread "DestroyJavaVM" [_thread_blocked, id=3331, stack(0x000070000806b000,0x000070000816b000)]
  0x00007f916db08800 JavaThread "AWT-EventQueue-0" [_thread_blocked, id=48651, stack(0x000070000932d000,0x000070000942d000)]
  0x00007f916c8a4800 JavaThread "AWT-Shutdown" [_thread_blocked, id=38179, stack(0x0000700008f9b000,0x000070000909b000)]
  0x00007f916d184800 JavaThread "AppKit Thread" daemon [_thread_in_native, id=775, stack(0x00007ffee2ce2000,0x00007ffee34e2000)]
  0x00007f916c80c000 JavaThread "Service Thread" daemon [_thread_blocked, id=15619, stack(0x0000700008d95000,0x0000700008e95000)]
  0x00007f916c02c000 JavaThread "C1 CompilerThread2" daemon [_thread_blocked, id=15363, stack(0x0000700008c92000,0x0000700008d92000)]
  0x00007f916c02b000 JavaThread "C2 CompilerThread1" daemon [_thread_blocked, id=15107, stack(0x0000700008b8f000,0x0000700008c8f000)]
  0x00007f916d04a800 JavaThread "C2 CompilerThread0" daemon [_thread_blocked, id=19715, stack(0x0000700008a8c000,0x0000700008b8c000)]
  0x00007f916c029800 JavaThread "Signal Dispatcher" daemon [_thread_blocked, id=14339, stack(0x0000700008989000,0x0000700008a89000)]
  0x00007f916c80a800 JavaThread "Finalizer" daemon [_thread_blocked, id=12035, stack(0x0000700008780000,0x0000700008880000)]
  0x00007f916c011800 JavaThread "Reference Handler" daemon [_thread_blocked, id=11523, stack(0x000070000867d000,0x000070000877d000)]

Other Threads:
  0x00007f916c00d000 VMThread [stack: 0x000070000857a000,0x000070000867a000] [id=11011]
  0x00007f916c857000 WatcherThread [stack: 0x0000700008e98000,0x0000700008f98000] [id=18691]

VM state:not at safepoint (normal execution)

VM Mutex/Monitor currently owned by a thread: None

heap address: 0x00000006c0000000, size: 4096 MB, Compressed Oops mode: Zero based, Oop shift amount: 3
Narrow klass base: 0x0000000000000000, Narrow klass shift: 3
Compressed class space size: 1073741824 Address: 0x00000007c0000000

Heap:
 PSYoungGen      total 76288K, used 13252K [0x000000076ab00000, 0x0000000770000000, 0x00000007c0000000)
  eden space 65536K, 5% used [0x000000076ab00000,0x000000076ae72be0,0x000000076eb00000)
  from space 10752K, 90% used [0x000000076f580000,0x000000076fefe760,0x0000000770000000)
  to   space 10752K, 0% used [0x000000076eb00000,0x000000076eb00000,0x000000076f580000)
 ParOldGen       total 75776K, used 9942K [0x00000006c0000000, 0x00000006c4a00000, 0x000000076ab00000)
  object space 75776K, 13% used [0x00000006c0000000,0x00000006c09b5968,0x00000006c4a00000)
 Metaspace       used 23504K, capacity 23892K, committed 23936K, reserved 1071104K
  class space    used 2814K, capacity 2942K, committed 2944K, reserved 1048576K

Card table byte_map: [0x000000010e379000,0x000000010eb7a000] byte_map_base: 0x000000010ad79000

Marking Bits: (ParMarkBitMap*) 0x000000010d8fbe40
 Begin Bits: [0x0000000121c24000, 0x0000000125c24000)
 End Bits:   [0x0000000125c24000, 0x0000000129c24000)

Polling page: 0x000000010c78d000

CodeCache: size=245760Kb used=7668Kb max_used=7669Kb free=238091Kb
 bounds [0x0000000112c24000, 0x00000001133b4000, 0x0000000121c24000]
 total_blobs=3112 nmethods=2484 adapters=541
 compilation: enabled

Compilation events (10 events):
Event: 130.384 Thread 0x00007f916d04a800 2659       4       java.awt.image.BufferedImage::getWidth (8 bytes)
Event: 130.385 Thread 0x00007f916d04a800 nmethod 2659 0x0000000112d5a290 code [0x0000000112d5a3e0, 0x0000000112d5a458]
Event: 130.593 Thread 0x00007f916c02b000 2660       4       java.awt.image.BufferedImage::getHeight (8 bytes)
Event: 130.594 Thread 0x00007f916c02b000 nmethod 2660 0x000000011336f450 code [0x000000011336f5a0, 0x000000011336f618]
Event: 131.034 Thread 0x00007f916c02c000 2661  s    3       java.util.Hashtable::remove (133 bytes)
Event: 131.035 Thread 0x00007f916c02c000 nmethod 2661 0x000000011339b5d0 code [0x000000011339b780, 0x000000011339bfd8]
Event: 131.036 Thread 0x00007f916c02c000 2662   !   3       sun.java2d.Disposer::clearDeferredRecords (70 bytes)
Event: 131.036 Thread 0x00007f916c02c000 nmethod 2662 0x0000000113399ed0 code [0x000000011339a120, 0x000000011339aed8]
Event: 131.036 Thread 0x00007f916c02c000 2663       3       sun.java2d.DefaultDisposerRecord::dispose (12 bytes)
Event: 131.036 Thread 0x00007f916c02c000 nmethod 2663 0x0000000113399b50 code [0x0000000113399cc0, 0x0000000113399e48]

GC Heap History (6 events):
Event: 8.068 GC heap before
{Heap before GC invocations=1 (full 0):
 PSYoungGen      total 76288K, used 55448K [0x000000076ab00000, 0x0000000770000000, 0x00000007c0000000)
  eden space 65536K, 84% used [0x000000076ab00000,0x000000076e1261b8,0x000000076eb00000)
  from space 10752K, 0% used [0x000000076f580000,0x000000076f580000,0x0000000770000000)
  to   space 10752K, 0% used [0x000000076eb00000,0x000000076eb00000,0x000000076f580000)
 ParOldGen       total 175104K, used 0K [0x00000006c0000000, 0x00000006cab00000, 0x000000076ab00000)
  object space 175104K, 0% used [0x00000006c0000000,0x00000006c0000000,0x00000006cab00000)
 Metaspace       used 20854K, capacity 21050K, committed 21296K, reserved 1069056K
  class space    used 2497K, capacity 2587K, committed 2688K, reserved 1048576K
Event: 8.094 GC heap after
Heap after GC invocations=1 (full 0):
 PSYoungGen      total 76288K, used 10326K [0x000000076ab00000, 0x0000000770000000, 0x00000007c0000000)
  eden space 65536K, 0% used [0x000000076ab00000,0x000000076ab00000,0x000000076eb00000)
  from space 10752K, 96% used [0x000000076eb00000,0x000000076f515968,0x000000076f580000)
  to   space 10752K, 0% used [0x000000076f580000,0x000000076f580000,0x0000000770000000)
 ParOldGen       total 175104K, used 24K [0x00000006c0000000, 0x00000006cab00000, 0x000000076ab00000)
  object space 175104K, 0% used [0x00000006c0000000,0x00000006c0006000,0x00000006cab00000)
 Metaspace       used 20854K, capacity 21050K, committed 21296K, reserved 1069056K
  class space    used 2497K, capacity 2587K, committed 2688K, reserved 1048576K
}
Event: 8.094 GC heap before
{Heap before GC invocations=2 (full 1):
 PSYoungGen      total 76288K, used 10326K [0x000000076ab00000, 0x0000000770000000, 0x00000007c0000000)
  eden space 65536K, 0% used [0x000000076ab00000,0x000000076ab00000,0x000000076eb00000)
  from space 10752K, 96% used [0x000000076eb00000,0x000000076f515968,0x000000076f580000)
  to   space 10752K, 0% used [0x000000076f580000,0x000000076f580000,0x0000000770000000)
 ParOldGen       total 175104K, used 24K [0x00000006c0000000, 0x00000006cab00000, 0x000000076ab00000)
  object space 175104K, 0% used [0x00000006c0000000,0x00000006c0006000,0x00000006cab00000)
 Metaspace       used 20854K, capacity 21050K, committed 21296K, reserved 1069056K
  class space    used 2497K, capacity 2587K, committed 2688K, reserved 1048576K
Event: 8.137 GC heap after
Heap after GC invocations=2 (full 1):
 PSYoungGen      total 76288K, used 0K [0x000000076ab00000, 0x0000000770000000, 0x00000007c0000000)
  eden space 65536K, 0% used [0x000000076ab00000,0x000000076ab00000,0x000000076eb00000)
  from space 10752K, 0% used [0x000000076eb00000,0x000000076eb00000,0x000000076f580000)
  to   space 10752K, 0% used [0x000000076f580000,0x000000076f580000,0x0000000770000000)
 ParOldGen       total 75776K, used 9934K [0x00000006c0000000, 0x00000006c4a00000, 0x000000076ab00000)
  object space 75776K, 13% used [0x00000006c0000000,0x00000006c09b3968,0x00000006c4a00000)
 Metaspace       used 20854K, capacity 21050K, committed 21296K, reserved 1069056K
  class space    used 2497K, capacity 2587K, committed 2688K, reserved 1048576K
}
Event: 131.023 GC heap before
{Heap before GC invocations=3 (full 1):
 PSYoungGen      total 76288K, used 65536K [0x000000076ab00000, 0x0000000770000000, 0x00000007c0000000)
  eden space 65536K, 100% used [0x000000076ab00000,0x000000076eb00000,0x000000076eb00000)
  from space 10752K, 0% used [0x000000076eb00000,0x000000076eb00000,0x000000076f580000)
  to   space 10752K, 0% used [0x000000076f580000,0x000000076f580000,0x0000000770000000)
 ParOldGen       total 75776K, used 9934K [0x00000006c0000000, 0x00000006c4a00000, 0x000000076ab00000)
  object space 75776K, 13% used [0x00000006c0000000,0x00000006c09b3968,0x00000006c4a00000)
 Metaspace       used 23503K, capacity 23892K, committed 23936K, reserved 1071104K
  class space    used 2814K, capacity 2942K, committed 2944K, reserved 1048576K
Event: 131.032 GC heap after
Heap after GC invocations=3 (full 1):
 PSYoungGen      total 76288K, used 9721K [0x000000076ab00000, 0x0000000770000000, 0x00000007c0000000)
  eden space 65536K, 0% used [0x000000076ab00000,0x000000076ab00000,0x000000076eb00000)
  from space 10752K, 90% used [0x000000076f580000,0x000000076fefe760,0x0000000770000000)
  to   space 10752K, 0% used [0x000000076eb00000,0x000000076eb00000,0x000000076f580000)
 ParOldGen       total 75776K, used 9942K [0x00000006c0000000, 0x00000006c4a00000, 0x000000076ab00000)
  object space 75776K, 13% used [0x00000006c0000000,0x00000006c09b5968,0x00000006c4a00000)
 Metaspace       used 23503K, capacity 23892K, committed 23936K, reserved 1071104K
  class space    used 2814K, capacity 2942K, committed 2944K, reserved 1048576K
}

Deoptimization events (10 events):
Event: 8.062 Thread 0x00007f916db08800 Uncommon trap: reason=unstable_if action=reinterpret pc=0x0000000112f8fb0c method=java.io.DataInputStream.readUTF(Ljava/io/DataInput;)Ljava/lang/String; @ 112
Event: 8.152 Thread 0x00007f916db08800 Uncommon trap: reason=class_check action=maybe_recompile pc=0x0000000112d999c4 method=java.lang.String.equals(Ljava/lang/Object;)Z @ 8
Event: 8.152 Thread 0x00007f916db08800 Uncommon trap: reason=class_check action=maybe_recompile pc=0x0000000112d999c4 method=java.lang.String.equals(Ljava/lang/Object;)Z @ 8
Event: 8.153 Thread 0x00007f916db08800 Uncommon trap: reason=class_check action=maybe_recompile pc=0x0000000112d999c4 method=java.lang.String.equals(Ljava/lang/Object;)Z @ 8
Event: 8.154 Thread 0x00007f916db08800 Uncommon trap: reason=class_check action=maybe_recompile pc=0x0000000112d999c4 method=java.lang.String.equals(Ljava/lang/Object;)Z @ 8
Event: 8.176 Thread 0x00007f916db08800 Uncommon trap: reason=bimorphic action=maybe_recompile pc=0x00000001130b8898 method=java.util.Hashtable.put(Ljava/lang/Object;Ljava/lang/Object;)Ljava/lang/Object; @ 60
Event: 8.176 Thread 0x00007f916db08800 Uncommon trap: reason=bimorphic action=maybe_recompile pc=0x00000001130b8898 method=java.util.Hashtable.put(Ljava/lang/Object;Ljava/lang/Object;)Ljava/lang/Object; @ 60
Event: 8.176 Thread 0x00007f916db08800 Uncommon trap: reason=bimorphic action=maybe_recompile pc=0x00000001130b8898 method=java.util.Hashtable.put(Ljava/lang/Object;Ljava/lang/Object;)Ljava/lang/Object; @ 60
Event: 8.176 Thread 0x00007f916db08800 Uncommon trap: reason=bimorphic action=maybe_recompile pc=0x00000001130b8898 method=java.util.Hashtable.put(Ljava/lang/Object;Ljava/lang/Object;)Ljava/lang/Object; @ 60
Event: 29.258 Thread 0x00007f916db08800 Uncommon trap: reason=unstable_if action=reinterpret pc=0x000000011309ca70 method=java.util.HashMap$HashIterator.<init>(Ljava/util/HashMap;)V @ 45

Classes redefined (0 events):
No events

Internal exceptions (10 events):
Event: 0.846 Thread 0x00007f916db08800 Exception <a 'java/lang/ArrayIndexOutOfBoundsException'> (0x000000076b513310) thrown at [/Users/java_re/workspace/8-2-build-macosx-x86_64/jdk8u202/12323/hotspot/src/share/vm/runtime/sharedRuntime.cpp, line 605]
Event: 0.852 Thread 0x00007f916db08800 Exception <a 'java/lang/ArrayIndexOutOfBoundsException': 83> (0x000000076b548fc8) thrown at [/Users/java_re/workspace/8-2-build-macosx-x86_64/jdk8u202/12323/hotspot/src/share/vm/interpreter/interpreterRuntime.cpp, line 368]
Event: 0.852 Thread 0x00007f916db08800 Exception <a 'java/lang/ArrayIndexOutOfBoundsException': 76> (0x000000076b54a4f0) thrown at [/Users/java_re/workspace/8-2-build-macosx-x86_64/jdk8u202/12323/hotspot/src/share/vm/interpreter/interpreterRuntime.cpp, line 368]
Event: 0.905 Thread 0x00007f916db08800 Exception <a 'java/lang/NoClassDefFoundError': org/apache/log4j/Category> (0x000000076b666ee8) thrown at [/Users/java_re/workspace/8-2-build-macosx-x86_64/jdk8u202/12323/hotspot/src/share/vm/classfile/systemDictionary.cpp, line 199]
Event: 1.117 Thread 0x00007f916db08800 Exception <a 'java/lang/ClassNotFoundException': com/sun/org/glassfish/hk2/osgiresourcelocator/ServiceLoader> (0x000000076c8046f0) thrown at [/Users/java_re/workspace/8-2-build-macosx-x86_64/jdk8u202/12323/hotspot/src/share/vm/classfile/systemDictionary.c
Event: 2.344 Thread 0x00007f916db08800 Exception <a 'java/lang/ClassNotFoundException': com/sun/org/glassfish/hk2/osgiresourcelocator/ServiceLoader> (0x000000076d13b508) thrown at [/Users/java_re/workspace/8-2-build-macosx-x86_64/jdk8u202/12323/hotspot/src/share/vm/classfile/systemDictionary.c
Event: 6.467 Thread 0x00007f916db08800 Implicit null exception at 0x0000000112e327b5 to 0x0000000112e32b8d
Event: 6.468 Thread 0x00007f916db08800 Implicit null exception at 0x0000000112e06236 to 0x0000000112e065f9
Event: 131.033 Thread 0x00007f916c80a800 Exception <a 'java/lang/NullPointerException'> (0x000000076ad646f0) thrown at [/Users/java_re/workspace/8-2-build-macosx-x86_64/jdk8u202/12323/hotspot/src/share/vm/interpreter/linkResolver.cpp, line 1185]
Event: 131.033 Thread 0x00007f916c80a800 Exception <a 'java/lang/NullPointerException'> (0x000000076ad648f8) thrown at [/Users/java_re/workspace/8-2-build-macosx-x86_64/jdk8u202/12323/hotspot/src/share/vm/interpreter/linkResolver.cpp, line 1185]

Events (10 events):
Event: 103.389 Thread 0x00007f916c02c000 flushing nmethod 0x0000000112d85c10
Event: 104.009 Thread 0x00007f916c02c000 flushing nmethod 0x0000000112dd4390
Event: 104.059 Thread 0x00007f916c02c000 flushing nmethod 0x0000000112e88390
Event: 104.060 Thread 0x00007f916c02c000 flushing nmethod 0x0000000112eac4d0
Event: 107.266 Thread 0x00007f916c02c000 flushing nmethod 0x00000001130b7ed0
Event: 107.267 Thread 0x00007f916c02c000 flushing nmethod 0x00000001130df510
Event: 107.273 Thread 0x00007f916d04a800 flushing nmethod 0x000000011310be10
Event: 107.273 Thread 0x00007f916d04a800 flushing nmethod 0x000000011311a910
Event: 131.023 Executing VM operation: ParallelGCFailedAllocation
Event: 131.032 Executing VM operation: ParallelGCFailedAllocation done


Dynamic libraries:
0x00007fff2ef34000 	/System/Library/Frameworks/Cocoa.framework/Versions/A/Cocoa
0x00007fff3c711000 	/System/Library/Frameworks/Security.framework/Versions/A/Security
0x00007fff2de9e000 	/System/Library/Frameworks/ApplicationServices.framework/Versions/A/ApplicationServices
0x00007fff692bb000 	/usr/lib/libz.1.dylib
0x00007fff66d7f000 	/usr/lib/libSystem.B.dylib
0x00007fff68bdf000 	/usr/lib/libobjc.A.dylib
0x00007fff2fdcf000 	/System/Library/Frameworks/CoreFoundation.framework/Versions/A/CoreFoundation
0x00007fff32485000 	/System/Library/Frameworks/Foundation.framework/Versions/C/Foundation
0x00007fff2d08f000 	/System/Library/Frameworks/AppKit.framework/Versions/C/AppKit
0x00007fff2f8b8000 	/System/Library/Frameworks/CoreData.framework/Versions/A/CoreData
0x00007fff60da0000 	/System/Library/PrivateFrameworks/UIFoundation.framework/Versions/A/UIFoundation
0x00007fff5be4e000 	/System/Library/PrivateFrameworks/RemoteViewServices.framework/Versions/A/RemoteViewServices
0x00007fff638f4000 	/System/Library/PrivateFrameworks/XCTTargetBootstrap.framework/Versions/A/XCTTargetBootstrap
0x00007fff2fca3000 	/System/Library/Frameworks/CoreDisplay.framework/Versions/A/CoreDisplay
0x00007fff3533e000 	/System/Library/Frameworks/Metal.framework/Versions/A/Metal
0x00007fff49ea7000 	/System/Library/PrivateFrameworks/DesktopServicesPriv.framework/Versions/A/DesktopServicesPriv
0x00007fff67ebc000 	/usr/lib/liblangid.dylib
0x00007fff49140000 	/System/Library/PrivateFrameworks/CoreSVG.framework/Versions/A/CoreSVG
0x00007fff5efa4000 	/System/Library/PrivateFrameworks/SkyLight.framework/Versions/A/SkyLight
0x00007fff30250000 	/System/Library/Frameworks/CoreGraphics.framework/Versions/A/CoreGraphics
0x00007fff2ba63000 	/System/Library/Frameworks/Accelerate.framework/Versions/A/Accelerate
0x00007fff691ac000 	/usr/lib/libxml2.2.dylib
0x00007fff54e00000 	/System/Library/PrivateFrameworks/IconServices.framework/Versions/A/IconServices
0x00007fff32c64000 	/System/Library/Frameworks/IOSurface.framework/Versions/A/IOSurface
0x00007fff668a9000 	/usr/lib/libDiagnosticMessagesClient.dylib
0x00007fff49d01000 	/System/Library/PrivateFrameworks/DFRFoundation.framework/Versions/A/DFRFoundation
0x00007fff67c4b000 	/usr/lib/libicucore.A.dylib
0x00007fff2e1d0000 	/System/Library/Frameworks/AudioToolbox.framework/Versions/A/AudioToolbox
0x00007fff2e2b3000 	/System/Library/Frameworks/AudioUnit.framework/Versions/A/AudioUnit
0x00007fff66f81000 	/usr/lib/libauto.dylib
0x00007fff49da3000 	/System/Library/PrivateFrameworks/DataDetectorsCore.framework/Versions/A/DataDetectorsCore
0x00007fff2ea55000 	/System/Library/Frameworks/Carbon.framework/Versions/A/Frameworks/HIToolbox.framework/Versions/A/HIToolbox
0x00007fff3b90e000 	/System/Library/Frameworks/QuartzCore.framework/Versions/A/QuartzCore
0x00007fff2ed94000 	/System/Library/Frameworks/Carbon.framework/Versions/A/Frameworks/SpeechRecognition.framework/Versions/A/SpeechRecognition
0x00007fff49818000 	/System/Library/PrivateFrameworks/CoreUI.framework/Versions/A/CoreUI
0x00007fff2f323000 	/System/Library/Frameworks/CoreAudio.framework/Versions/A/CoreAudio
0x00007fff3214a000 	/System/Library/Frameworks/DiskArbitration.framework/Versions/A/DiskArbitration
0x00007fff56e4d000 	/System/Library/PrivateFrameworks/MultitouchSupport.framework/Versions/A/MultitouchSupport
0x00007fff67b12000 	/usr/lib/libenergytrace.dylib
0x00007fff32bbe000 	/System/Library/Frameworks/IOKit.framework/Versions/A/IOKit
0x00007fff311b7000 	/System/Library/Frameworks/CoreServices.framework/Versions/A/CoreServices
0x00007fff58fe4000 	/System/Library/PrivateFrameworks/PerformanceAnalysis.framework/Versions/A/PerformanceAnalysis
0x00007fff3a941000 	/System/Library/Frameworks/OpenGL.framework/Versions/A/OpenGL
0x00007fff2ef42000 	/System/Library/Frameworks/ColorSync.framework/Versions/A/ColorSync
0x00007fff308d2000 	/System/Library/Frameworks/CoreImage.framework/Versions/A/CoreImage
0x00007fff31c29000 	/System/Library/Frameworks/CoreText.framework/Versions/A/CoreText
0x00007fff32cf4000 	/System/Library/Frameworks/ImageIO.framework/Versions/A/ImageIO
0x00007fff67065000 	/usr/lib/libc++.1.dylib
0x00007fff670e1000 	/usr/lib/libcompression.dylib
0x00007fff66bed000 	/usr/lib/libMobileGestalt.dylib
0x00007fff60b19000 	/System/Library/PrivateFrameworks/TextureIO.framework/Versions/A/TextureIO
0x00007fff66ee4000 	/usr/lib/libate.dylib
0x00007fff55009000 	/System/Library/PrivateFrameworks/InternationalSupport.framework/Versions/A/InternationalSupport
0x00007fff69b7b000 	/usr/lib/system/libcache.dylib
0x00007fff69b81000 	/usr/lib/system/libcommonCrypto.dylib
0x00007fff69b8d000 	/usr/lib/system/libcompiler_rt.dylib
0x00007fff69b95000 	/usr/lib/system/libcopyfile.dylib
0x00007fff69b9f000 	/usr/lib/system/libcorecrypto.dylib
0x00007fff69d3e000 	/usr/lib/system/libdispatch.dylib
0x00007fff69d7f000 	/usr/lib/system/libdyld.dylib
0x00007fff69db6000 	/usr/lib/system/libkeymgr.dylib
0x00007fff69dc4000 	/usr/lib/system/liblaunch.dylib
0x00007fff69dc5000 	/usr/lib/system/libmacho.dylib
0x00007fff69dcb000 	/usr/lib/system/libquarantine.dylib
0x00007fff69dce000 	/usr/lib/system/libremovefile.dylib
0x00007fff69dd0000 	/usr/lib/system/libsystem_asl.dylib
0x00007fff69de8000 	/usr/lib/system/libsystem_blocks.dylib
0x00007fff69de9000 	/usr/lib/system/libsystem_c.dylib
0x00007fff69e71000 	/usr/lib/system/libsystem_configuration.dylib
0x00007fff69e75000 	/usr/lib/system/libsystem_coreservices.dylib
0x00007fff69e79000 	/usr/lib/system/libsystem_darwin.dylib
0x00007fff69e82000 	/usr/lib/system/libsystem_dnssd.dylib
0x00007fff69e8a000 	/usr/lib/system/libsystem_featureflags.dylib
0x00007fff69e8c000 	/usr/lib/system/libsystem_info.dylib
0x00007fff69f07000 	/usr/lib/system/libsystem_m.dylib
0x00007fff69f4f000 	/usr/lib/system/libsystem_malloc.dylib
0x00007fff69f77000 	/usr/lib/system/libsystem_networkextension.dylib
0x00007fff69f85000 	/usr/lib/system/libsystem_notify.dylib
0x00007fff69fa3000 	/usr/lib/system/libsystem_sandbox.dylib
0x00007fff69fa8000 	/usr/lib/system/libsystem_secinit.dylib
0x00007fff69eda000 	/usr/lib/system/libsystem_kernel.dylib
0x00007fff69f8f000 	/usr/lib/system/libsystem_platform.dylib
0x00007fff69f98000 	/usr/lib/system/libsystem_pthread.dylib
0x00007fff69fab000 	/usr/lib/system/libsystem_symptoms.dylib
0x00007fff69fb3000 	/usr/lib/system/libsystem_trace.dylib
0x00007fff69fcb000 	/usr/lib/system/libunwind.dylib
0x00007fff69fd1000 	/usr/lib/system/libxpc.dylib
0x00007fff670b8000 	/usr/lib/libc++abi.dylib
0x00007fff67ebe000 	/usr/lib/liblzma.5.dylib
0x00007fff67b39000 	/usr/lib/libfakelink.dylib
0x00007fff66e71000 	/usr/lib/libarchive.2.dylib
0x00007fff3d7c1000 	/System/Library/Frameworks/SystemConfiguration.framework/Versions/A/SystemConfiguration
0x00007fff667dc000 	/usr/lib/libCRFSuite.dylib
0x00007fff2e646000 	/System/Library/Frameworks/CFNetwork.framework/Versions/A/CFNetwork
0x00007fff67047000 	/usr/lib/libbsm.0.dylib
0x00007fff69db7000 	/usr/lib/system/libkxld.dylib
0x00007fff436d6000 	/System/Library/PrivateFrameworks/AppleFSCompression.framework/Versions/A/AppleFSCompression
0x00007fff673d2000 	/usr/lib/libcoretls.dylib
0x00007fff673e9000 	/usr/lib/libcoretls_cfhelpers.dylib
0x00007fff68c25000 	/usr/lib/libpam.2.dylib
0x00007fff68d5a000 	/usr/lib/libsqlite3.dylib
0x00007fff69199000 	/usr/lib/libxar.1.dylib
0x00007fff67058000 	/usr/lib/libbz2.1.0.dylib
0x00007fff67b5a000 	/usr/lib/libiconv.2.dylib
0x00007fff670ce000 	/usr/lib/libcharset.1.dylib
0x00007fff686c4000 	/usr/lib/libnetwork.dylib
0x00007fff68c2c000 	/usr/lib/libpcap.A.dylib
0x00007fff66e26000 	/usr/lib/libapple_nghttp2.dylib
0x00007fff3156e000 	/System/Library/Frameworks/CoreServices.framework/Versions/A/Frameworks/FSEvents.framework/Versions/A/FSEvents
0x00007fff3123e000 	/System/Library/Frameworks/CoreServices.framework/Versions/A/Frameworks/CarbonCore.framework/Versions/A/CarbonCore
0x00007fff317b1000 	/System/Library/Frameworks/CoreServices.framework/Versions/A/Frameworks/Metadata.framework/Versions/A/Metadata
0x00007fff3184a000 	/System/Library/Frameworks/CoreServices.framework/Versions/A/Frameworks/OSServices.framework/Versions/A/OSServices
0x00007fff31878000 	/System/Library/Frameworks/CoreServices.framework/Versions/A/Frameworks/SearchKit.framework/Versions/A/SearchKit
0x00007fff311b8000 	/System/Library/Frameworks/CoreServices.framework/Versions/A/Frameworks/AE.framework/Versions/A/AE
0x00007fff31577000 	/System/Library/Frameworks/CoreServices.framework/Versions/A/Frameworks/LaunchServices.framework/Versions/A/LaunchServices
0x00007fff31520000 	/System/Library/Frameworks/CoreServices.framework/Versions/A/Frameworks/DictionaryServices.framework/Versions/A/DictionaryServices
0x00007fff318e0000 	/System/Library/Frameworks/CoreServices.framework/Versions/A/Frameworks/SharedFileList.framework/Versions/A/SharedFileList
0x00007fff36761000 	/System/Library/Frameworks/NetFS.framework/Versions/A/NetFS
0x00007fff5737c000 	/System/Library/PrivateFrameworks/NetAuth.framework/Versions/A/NetAuth
0x00007fff63cc1000 	/System/Library/PrivateFrameworks/login.framework/Versions/A/Frameworks/loginsupport.framework/Versions/A/loginsupport
0x00007fff605e6000 	/System/Library/PrivateFrameworks/TCC.framework/Versions/A/TCC
0x00007fff482b3000 	/System/Library/PrivateFrameworks/CoreNLP.framework/Versions/A/CoreNLP
0x00007fff5687b000 	/System/Library/PrivateFrameworks/MetadataUtilities.framework/Versions/A/MetadataUtilities
0x00007fff67f96000 	/usr/lib/libmecabra.dylib
0x00007fff67eee000 	/usr/lib/libmecab.dylib
0x00007fff67b4a000 	/usr/lib/libgermantok.dylib
0x00007fff66e0d000 	/usr/lib/libThaiTokenizer.dylib
0x00007fff66813000 	/usr/lib/libChineseTokenizer.dylib
0x00007fff2ba7b000 	/System/Library/Frameworks/Accelerate.framework/Versions/A/Frameworks/vImage.framework/Versions/A/vImage
0x00007fff2cee5000 	/System/Library/Frameworks/Accelerate.framework/Versions/A/Frameworks/vecLib.framework/Versions/A/vecLib
0x00007fff2ce22000 	/System/Library/Frameworks/Accelerate.framework/Versions/A/Frameworks/vecLib.framework/Versions/A/libvMisc.dylib
0x00007fff2cc4a000 	/System/Library/Frameworks/Accelerate.framework/Versions/A/Frameworks/vecLib.framework/Versions/A/libvDSP.dylib
0x00007fff2c0d2000 	/System/Library/Frameworks/Accelerate.framework/Versions/A/Frameworks/vecLib.framework/Versions/A/libBLAS.dylib
0x00007fff2c80e000 	/System/Library/Frameworks/Accelerate.framework/Versions/A/Frameworks/vecLib.framework/Versions/A/libLAPACK.dylib
0x00007fff2cbaa000 	/System/Library/Frameworks/Accelerate.framework/Versions/A/Frameworks/vecLib.framework/Versions/A/libLinearAlgebra.dylib
0x00007fff2cc37000 	/System/Library/Frameworks/Accelerate.framework/Versions/A/Frameworks/vecLib.framework/Versions/A/libSparseBLAS.dylib
0x00007fff2cbc0000 	/System/Library/Frameworks/Accelerate.framework/Versions/A/Frameworks/vecLib.framework/Versions/A/libQuadrature.dylib
0x00007fff2c33a000 	/System/Library/Frameworks/Accelerate.framework/Versions/A/Frameworks/vecLib.framework/Versions/A/libBNNS.dylib
0x00007fff2cbc6000 	/System/Library/Frameworks/Accelerate.framework/Versions/A/Frameworks/vecLib.framework/Versions/A/libSparse.dylib
0x00007fff553f1000 	/System/Library/PrivateFrameworks/LanguageModeling.framework/Versions/A/LanguageModeling
0x00007fff47c63000 	/System/Library/PrivateFrameworks/CoreEmoji.framework/Versions/A/CoreEmoji
0x00007fff5550f000 	/System/Library/PrivateFrameworks/LinguisticData.framework/Versions/A/LinguisticData
0x00007fff554c0000 	/System/Library/PrivateFrameworks/Lexicon.framework/Versions/A/Lexicon
0x00007fff670cf000 	/usr/lib/libcmph.dylib
0x00007fff3934f000 	/System/Library/Frameworks/OpenDirectory.framework/Versions/A/Frameworks/CFOpenDirectory.framework/Versions/A/CFOpenDirectory
0x00007fff3936c000 	/System/Library/Frameworks/OpenDirectory.framework/Versions/A/OpenDirectory
0x00007fff4178c000 	/System/Library/PrivateFrameworks/APFS.framework/Versions/A/APFS
0x00007fff3ca5b000 	/System/Library/Frameworks/SecurityFoundation.framework/Versions/A/SecurityFoundation
0x00007fff69195000 	/usr/lib/libutil.dylib
0x00007fff49198000 	/System/Library/PrivateFrameworks/CoreServicesStore.framework/Versions/A/CoreServicesStore
0x00007fff3cb12000 	/System/Library/Frameworks/ServiceManagement.framework/Versions/A/ServiceManagement
0x00007fff44ea4000 	/System/Library/PrivateFrameworks/BackgroundTaskManagement.framework/Versions/A/BackgroundTaskManagement
0x00007fff69292000 	/usr/lib/libxslt.1.dylib
0x00007fff43d48000 	/System/Library/PrivateFrameworks/AppleSystemInfo.framework/Versions/A/AppleSystemInfo
0x00007fff32f0f000 	/System/Library/Frameworks/ImageIO.framework/Versions/A/Resources/libJPEG.dylib
0x00007fff331cb000 	/System/Library/Frameworks/ImageIO.framework/Versions/A/Resources/libTIFF.dylib
0x00007fff331ae000 	/System/Library/Frameworks/ImageIO.framework/Versions/A/Resources/libPng.dylib
0x00007fff32e51000 	/System/Library/Frameworks/ImageIO.framework/Versions/A/Resources/libGIF.dylib
0x00007fff32e55000 	/System/Library/Frameworks/ImageIO.framework/Versions/A/Resources/libJP2.dylib
0x00007fff331c9000 	/System/Library/Frameworks/ImageIO.framework/Versions/A/Resources/libRadiance.dylib
0x00007fff67b13000 	/usr/lib/libexpat.1.dylib
0x00007fff43831000 	/System/Library/PrivateFrameworks/AppleJPEG.framework/Versions/A/AppleJPEG
0x00007fff4c473000 	/System/Library/PrivateFrameworks/FontServices.framework/libFontParser.dylib
0x00007fff62cc7000 	/System/Library/PrivateFrameworks/WatchdogClient.framework/Versions/A/WatchdogClient
0x00007fff54a4d000 	/System/Library/PrivateFrameworks/IOAccelerator.framework/Versions/A/IOAccelerator
0x00007fff356d9000 	/System/Library/Frameworks/MetalPerformanceShaders.framework/Versions/A/MetalPerformanceShaders
0x00007fff511e6000 	/System/Library/PrivateFrameworks/GPUWrangler.framework/Versions/A/GPUWrangler
0x00007fff54a62000 	/System/Library/PrivateFrameworks/IOPresentment.framework/Versions/A/IOPresentment
0x00007fff49d14000 	/System/Library/PrivateFrameworks/DSExternalDisplay.framework/Versions/A/DSExternalDisplay
0x00007fff39ce0000 	/System/Library/Frameworks/OpenGL.framework/Versions/A/Libraries/libCoreFSCache.dylib
0x00007fff35425000 	/System/Library/Frameworks/MetalPerformanceShaders.framework/Frameworks/MPSCore.framework/Versions/A/MPSCore
0x00007fff35463000 	/System/Library/Frameworks/MetalPerformanceShaders.framework/Frameworks/MPSImage.framework/Versions/A/MPSImage
0x00007fff3552a000 	/System/Library/Frameworks/MetalPerformanceShaders.framework/Frameworks/MPSNeuralNetwork.framework/Versions/A/MPSNeuralNetwork
0x00007fff354ee000 	/System/Library/Frameworks/MetalPerformanceShaders.framework/Frameworks/MPSMatrix.framework/Versions/A/MPSMatrix
0x00007fff35689000 	/System/Library/Frameworks/MetalPerformanceShaders.framework/Frameworks/MPSRayIntersector.framework/Versions/A/MPSRayIntersector
0x00007fff35514000 	/System/Library/Frameworks/MetalPerformanceShaders.framework/Frameworks/MPSNDArray.framework/Versions/A/MPSNDArray
0x00007fff568c8000 	/System/Library/PrivateFrameworks/MetalTools.framework/Versions/A/MetalTools
0x00007fff4295e000 	/System/Library/PrivateFrameworks/AggregateDictionary.framework/Versions/A/AggregateDictionary
0x00007fff476bd000 	/System/Library/PrivateFrameworks/CoreAnalytics.framework/Versions/A/CoreAnalytics
0x00007fff43c67000 	/System/Library/PrivateFrameworks/AppleSauce.framework/Versions/A/AppleSauce
0x00007fff66acf000 	/usr/lib/libIOReport.dylib
0x00007fff31de1000 	/System/Library/Frameworks/CoreVideo.framework/Versions/A/CoreVideo
0x00007fff52660000 	/System/Library/PrivateFrameworks/GraphVisualizer.framework/Versions/A/GraphVisualizer
0x00007fff4b9c7000 	/System/Library/PrivateFrameworks/FaceCore.framework/Versions/A/FaceCore
0x00007fff392f6000 	/System/Library/Frameworks/OpenCL.framework/Versions/A/OpenCL
0x00007fff668f1000 	/usr/lib/libFosl_dynamic.dylib
0x00007fff57d91000 	/System/Library/PrivateFrameworks/OTSVG.framework/Versions/A/OTSVG
0x00007fff2dfa3000 	/System/Library/Frameworks/ApplicationServices.framework/Versions/A/Frameworks/ATS.framework/Versions/A/Resources/libFontRegistry.dylib
0x00007fff4c644000 	/System/Library/PrivateFrameworks/FontServices.framework/libhvf.dylib
0x00007fff39ceb000 	/System/Library/Frameworks/OpenGL.framework/Versions/A/Libraries/libGFXShared.dylib
0x00007fff39ec9000 	/System/Library/Frameworks/OpenGL.framework/Versions/A/Libraries/libGLU.dylib
0x00007fff39cf4000 	/System/Library/Frameworks/OpenGL.framework/Versions/A/Libraries/libGL.dylib
0x00007fff39cff000 	/System/Library/Frameworks/OpenGL.framework/Versions/A/Libraries/libGLImage.dylib
0x00007fff39cdd000 	/System/Library/Frameworks/OpenGL.framework/Versions/A/Libraries/libCVMSPluginSupport.dylib
0x00007fff39ce6000 	/System/Library/Frameworks/OpenGL.framework/Versions/A/Libraries/libCoreVMClient.dylib
0x00007fff68565000 	/usr/lib/libncurses.5.4.dylib
0x00007fff2de9f000 	/System/Library/Frameworks/ApplicationServices.framework/Versions/A/Frameworks/ATS.framework/Versions/A/ATS
0x00007fff2e06c000 	/System/Library/Frameworks/ApplicationServices.framework/Versions/A/Frameworks/ColorSyncLegacy.framework/Versions/A/ColorSyncLegacy
0x00007fff2e10a000 	/System/Library/Frameworks/ApplicationServices.framework/Versions/A/Frameworks/HIServices.framework/Versions/A/HIServices
0x00007fff2e162000 	/System/Library/Frameworks/ApplicationServices.framework/Versions/A/Frameworks/LangAnalysis.framework/Versions/A/LangAnalysis
0x00007fff2e171000 	/System/Library/Frameworks/ApplicationServices.framework/Versions/A/Frameworks/PrintCore.framework/Versions/A/PrintCore
0x00007fff2e1b7000 	/System/Library/Frameworks/ApplicationServices.framework/Versions/A/Frameworks/QD.framework/Versions/A/QD
0x00007fff2e1c2000 	/System/Library/Frameworks/ApplicationServices.framework/Versions/A/Frameworks/SpeechSynthesis.framework/Versions/A/SpeechSynthesis
0x00007fff2e03c000 	/System/Library/Frameworks/ApplicationServices.framework/Versions/A/Frameworks/ATSUI.framework/Versions/A/ATSUI
0x00007fff679a7000 	/usr/lib/libcups.2.dylib
0x00007fff34776000 	/System/Library/Frameworks/Kerberos.framework/Versions/A/Kerberos
0x00007fff328b7000 	/System/Library/Frameworks/GSS.framework/Versions/A/GSS
0x00007fff68ce6000 	/usr/lib/libresolv.9.dylib
0x00007fff5280e000 	/System/Library/PrivateFrameworks/Heimdal.framework/Versions/A/Heimdal
0x00007fff34789000 	/System/Library/Frameworks/Kerberos.framework/Versions/A/Libraries/libHeimdalProxy.dylib
0x00007fff67b50000 	/usr/lib/libheimdal-asn1.dylib
0x00007fff46b56000 	/System/Library/PrivateFrameworks/CommonAuth.framework/Versions/A/CommonAuth
0x00007fff43de5000 	/System/Library/PrivateFrameworks/AssertionServices.framework/Versions/A/AssertionServices
0x00007fff44987000 	/System/Library/PrivateFrameworks/AudioToolboxCore.framework/Versions/A/AudioToolboxCore
0x00007fff63971000 	/System/Library/PrivateFrameworks/caulk.framework/Versions/A/caulk
0x00007fff44f50000 	/System/Library/PrivateFrameworks/BaseBoard.framework/Versions/A/BaseBoard
0x00007fff5bfdc000 	/System/Library/PrivateFrameworks/RunningBoardServices.framework/Versions/A/RunningBoardServices
0x00007fff58ff0000 	/System/Library/PrivateFrameworks/PersistentConnection.framework/Versions/A/PersistentConnection
0x00007fff5b9d6000 	/System/Library/PrivateFrameworks/ProtocolBuffer.framework/Versions/A/ProtocolBuffer
0x00007fff46b7a000 	/System/Library/PrivateFrameworks/CommonUtilities.framework/Versions/A/CommonUtilities
0x00007fff450de000 	/System/Library/PrivateFrameworks/Bom.framework/Versions/A/Bom
0x00007fff667a2000 	/usr/lib/libAudioToolboxUtility.dylib
0x00007fff44eae000 	/System/Library/PrivateFrameworks/Backup.framework/Versions/A/Backup
0x00007fff49c35000 	/System/Library/PrivateFrameworks/CrashReporterSupport.framework/Versions/A/CrashReporterSupport
0x00007fff5da6a000 	/System/Library/PrivateFrameworks/Sharing.framework/Versions/A/Sharing
0x00007fff433f4000 	/System/Library/PrivateFrameworks/Apple80211.framework/Versions/A/Apple80211
0x00007fff44bcb000 	/System/Library/PrivateFrameworks/AuthKit.framework/Versions/A/AuthKit
0x00007fff49945000 	/System/Library/PrivateFrameworks/CoreUtils.framework/Versions/A/CoreUtils
0x00007fff31e26000 	/System/Library/Frameworks/CoreWLAN.framework/Versions/A/CoreWLAN
0x00007fff32a44000 	/System/Library/Frameworks/IOBluetooth.framework/Versions/A/IOBluetooth
0x00007fff56bcc000 	/System/Library/PrivateFrameworks/MobileKeyBag.framework/Versions/A/MobileKeyBag
0x00007fff4874b000 	/System/Library/PrivateFrameworks/CorePhoneNumbers.framework/Versions/A/CorePhoneNumbers
0x00007fff437e4000 	/System/Library/PrivateFrameworks/AppleIDAuthSupport.framework/Versions/A/AppleIDAuthSupport
0x00007fff3676e000 	/System/Library/Frameworks/Network.framework/Versions/A/Network
0x00007fff5529d000 	/System/Library/PrivateFrameworks/KeychainCircle.framework/Versions/A/KeychainCircle
0x00007fff2f87f000 	/System/Library/Frameworks/CoreBluetooth.framework/Versions/A/CoreBluetooth
0x00007fff5fae7000 	/System/Library/PrivateFrameworks/SpeechRecognitionCore.framework/Versions/A/SpeechRecognitionCore
0x000000010d000000 	/Applications/MATLAB_R2019b.app/sys/java/jre/maci64/jre/lib/server/libjvm.dylib
0x00007fff69068000 	/usr/lib/libstdc++.6.dylib
0x000000010c749000 	/Applications/MATLAB_R2019b.app/sys/java/jre/maci64/jre/lib/libverify.dylib
0x000000010c757000 	/Applications/MATLAB_R2019b.app/sys/java/jre/maci64/jre/lib/libjava.dylib
0x000000010c7d7000 	/Applications/MATLAB_R2019b.app/sys/java/jre/maci64/jre/lib/libzip.dylib
0x00000001114eb000 	/Applications/MATLAB_R2019b.app/sys/java/jre/maci64/jre/lib/libawt.dylib
0x0000000111594000 	/Applications/MATLAB_R2019b.app/sys/java/jre/maci64/jre/lib/libmlib_image.dylib
0x00007fff3475f000 	/System/Library/Frameworks/JavaVM.framework/Versions/A/Frameworks/JavaNativeFoundation.framework/Versions/A/JavaNativeFoundation
0x00007fff34768000 	/System/Library/Frameworks/JavaVM.framework/Versions/A/Frameworks/JavaRuntimeSupport.framework/Versions/A/JavaRuntimeSupport
0x00007fff34771000 	/System/Library/Frameworks/JavaVM.framework/Versions/A/JavaVM
0x00007fff550b4000 	/System/Library/PrivateFrameworks/JavaLaunching.framework/Versions/A/JavaLaunching
0x00007fff2ea50000 	/System/Library/Frameworks/Carbon.framework/Versions/A/Carbon
0x00007fff496ea000 	/System/Library/PrivateFrameworks/CoreSymbolication.framework/Versions/A/CoreSymbolication
0x00007fff2ea51000 	/System/Library/Frameworks/Carbon.framework/Versions/A/Frameworks/CommonPanels.framework/Versions/A/CommonPanels
0x00007fff2ed4a000 	/System/Library/Frameworks/Carbon.framework/Versions/A/Frameworks/Help.framework/Versions/A/Help
0x00007fff2ed4e000 	/System/Library/Frameworks/Carbon.framework/Versions/A/Frameworks/ImageCapture.framework/Versions/A/ImageCapture
0x00007fff2ed55000 	/System/Library/Frameworks/Carbon.framework/Versions/A/Frameworks/OpenScripting.framework/Versions/A/OpenScripting
0x00007fff2ed54000 	/System/Library/Frameworks/Carbon.framework/Versions/A/Frameworks/Ink.framework/Versions/A/Ink
0x00007fff2ed90000 	/System/Library/Frameworks/Carbon.framework/Versions/A/Frameworks/Print.framework/Versions/A/Print
0x00007fff2ed91000 	/System/Library/Frameworks/Carbon.framework/Versions/A/Frameworks/SecurityHI.framework/Versions/A/SecurityHI
0x00007fff49e69000 	/System/Library/PrivateFrameworks/DebugSymbols.framework/Versions/A/DebugSymbols
0x0000000111660000 	/Applications/MATLAB_R2019b.app/sys/java/jre/maci64/jre/lib/libawt_lwawt.dylib
0x000000011171b000 	/Applications/MATLAB_R2019b.app/sys/java/jre/maci64/jre/lib/libosxapp.dylib
0x00007fff32323000 	/System/Library/Frameworks/ExceptionHandling.framework/Versions/A/ExceptionHandling
0x00007fff49164000 	/System/Library/PrivateFrameworks/CoreServicesInternal.framework/Versions/A/CoreServicesInternal
0x00007fff32342000 	/System/Library/Frameworks/FileProvider.framework/Versions/A/FileProvider
0x00007fff2cee6000 	/System/Library/Frameworks/Accounts.framework/Versions/A/Accounts
0x00007fff5150b000 	/System/Library/PrivateFrameworks/GenerationalStorage.framework/Versions/A/GenerationalStorage
0x00007fff60327000 	/System/Library/PrivateFrameworks/SymptomDiagnosticReporter.framework/Versions/A/SymptomDiagnosticReporter
0x00007fff42ef9000 	/System/Library/PrivateFrameworks/AppContainer.framework/Versions/A/AppContainer
0x00007fff68d00000 	/usr/lib/libsandbox.1.dylib
0x00007fff61c6b000 	/System/Library/PrivateFrameworks/UserManagement.framework/Versions/A/UserManagement
0x00007fff45c96000 	/System/Library/PrivateFrameworks/ChunkingLibrary.framework/Versions/A/ChunkingLibrary
0x00007fff42f6b000 	/System/Library/PrivateFrameworks/AppSandbox.framework/Versions/A/AppSandbox
0x00007fff5d8f4000 	/System/Library/PrivateFrameworks/SecCodeWrapper.framework/Versions/A/SecCodeWrapper
0x00007fff66bb7000 	/usr/lib/libMatch.1.dylib
0x00007fff22e4f000 	/System/Library/CoreServices/RawCamera.bundle/Contents/MacOS/RawCamera
0x00007fff569f6000 	/System/Library/PrivateFrameworks/MobileAsset.framework/Versions/A/MobileAsset
0x00007fff601cf000 	/System/Library/PrivateFrameworks/StreamingZip.framework/Versions/A/StreamingZip
0x00007fff34bf1000 	/System/Library/Frameworks/MediaToolbox.framework/Versions/A/MediaToolbox
0x00007fff4766d000 	/System/Library/PrivateFrameworks/CoreAVCHD.framework/Versions/A/CoreAVCHD
0x00007fff34b1b000 	/System/Library/Frameworks/MediaAccessibility.framework/Versions/A/MediaAccessibility
0x00007fff55dac000 	/System/Library/PrivateFrameworks/Mangrove.framework/Versions/A/Mangrove
0x00007fff30fee000 	/System/Library/Frameworks/CoreMedia.framework/Versions/A/CoreMedia
0x00007fff56018000 	/System/Library/PrivateFrameworks/MediaExperience.framework/Versions/A/MediaExperience
0x00007fff3daae000 	/System/Library/Frameworks/VideoToolbox.framework/Versions/A/VideoToolbox
0x00007fff47297000 	/System/Library/PrivateFrameworks/CoreAUC.framework/Versions/A/CoreAUC
0x00007fff68d58000 	/usr/lib/libspindump.dylib
0x00007fff44336000 	/System/Library/PrivateFrameworks/AudioResourceArbitration.framework/Versions/A/AudioResourceArbitration
0x00007fff43d4c000 	/System/Library/PrivateFrameworks/AppleVA.framework/Versions/A/AppleVA
0x00007fff2ba64000 	/System/Library/Frameworks/Accelerate.framework/Versions/A/Frameworks/vImage.framework/Versions/A/Libraries/libCGInterfaces.dylib
0x0000000112ad1000 	/usr/lib/libobjc-trampolines.dylib
0x00007fff4c5ab000 	/System/Library/PrivateFrameworks/FontServices.framework/libTrueTypeScaler.dylib
0x00007fff255d6000 	/System/Library/Extensions/AppleIntelBDWGraphicsMTLDriver.bundle/Contents/MacOS/AppleIntelBDWGraphicsMTLDriver
0x00007fff4fb35000 	/System/Library/PrivateFrameworks/GPUCompiler.framework/Versions/3902/Libraries/libmetal_timestamp.dylib
0x00007fff4bdf1000 	/System/Library/PrivateFrameworks/FamilyControls.framework/Versions/A/FamilyControls
0x00007fff46b4a000 	/System/Library/PrivateFrameworks/CommerceKit.framework/Versions/A/Frameworks/CommerceCore.framework/Versions/A/CommerceCore
0x00007fff603a1000 	/System/Library/PrivateFrameworks/SystemAdministration.framework/Versions/A/SystemAdministration
0x00007fff4a381000 	/System/Library/PrivateFrameworks/DiskManagement.framework/Versions/A/DiskManagement
0x00007fff3206f000 	/System/Library/Frameworks/DirectoryService.framework/Versions/A/DirectoryService
0x00007fff4a2b8000 	/System/Library/PrivateFrameworks/DiskImages.framework/Versions/A/DiskImages
0x00007fff555b8000 	/System/Library/PrivateFrameworks/LoginUIKit.framework/Versions/A/Frameworks/LoginUICore.framework/Versions/A/LoginUICore
0x00007fff6681e000 	/usr/lib/libCoreStorage.dylib
0x00007fff67994000 	/usr/lib/libcsfde.dylib
0x00007fff68c13000 	/usr/lib/libodfde.dylib
0x00007fff560a3000 	/System/Library/PrivateFrameworks/MediaKit.framework/Versions/A/MediaKit
0x00007fff3207b000 	/System/Library/Frameworks/DiscRecording.framework/Versions/A/DiscRecording
0x00007fff4a535000 	/System/Library/PrivateFrameworks/EFILogin.framework/Versions/A/EFILogin
0x00007fff5b97b000 	/System/Library/PrivateFrameworks/ProtectedCloudStorage.framework/Versions/A/ProtectedCloudStorage
0x00007fff67a08000 	/usr/lib/libcurl.4.dylib
0x00007fff6788d000 	/usr/lib/libcrypto.44.dylib
0x00007fff69038000 	/usr/lib/libssl.46.dylib
0x00007fff3478a000 	/System/Library/Frameworks/LDAP.framework/Versions/A/LDAP
0x00007fff60d67000 	/System/Library/PrivateFrameworks/TrustEvaluationAgent.framework/Versions/A/TrustEvaluationAgent
0x00007fff68d45000 	/usr/lib/libsasl2.2.dylib
0x00007fff479d7000 	/System/Library/PrivateFrameworks/CoreDaemon.framework/Versions/B/CoreDaemon
0x00007fff43c62000 	/System/Library/PrivateFrameworks/AppleSRP.framework/Versions/A/AppleSRP
0x00007fff62a37000 	/System/Library/PrivateFrameworks/ViewBridge.framework/Versions/A/ViewBridge
0x000000012ca11000 	/Applications/MATLAB_R2019b.app/sys/java/jre/maci64/jre/lib/libfontmanager.dylib
0x000000012c2a0000 	/Applications/MATLAB_R2019b.app/bin/maci64/libcrash_analyzer_jni.dylib
0x000000012ca78000 	/Applications/MATLAB_R2019b.app/bin/maci64/libmwcrash_analyzer.dylib
0x000000012c2a4000 	/Applications/MATLAB_R2019b.app/bin/maci64/libmwboost_system.dylib
0x000000012cab8000 	/Applications/MATLAB_R2019b.app/bin/maci64/libmwi18n.dylib
0x000000012cbcc000 	/Applications/MATLAB_R2019b.app/bin/maci64/libmwboost_iostreams.dylib
0x000000012c2a9000 	/Applications/MATLAB_R2019b.app/bin/maci64/libmwresource_core.dylib
0x000000012cbdf000 	/Applications/MATLAB_R2019b.app/bin/maci64/libmwcpp11compat.dylib
0x000000012cbff000 	/Applications/MATLAB_R2019b.app/bin/maci64/libmwboost_filesystem.dylib
0x000000012cc17000 	/Applications/MATLAB_R2019b.app/bin/maci64/libmwboost_thread.dylib
0x000000012cc2f000 	/Applications/MATLAB_R2019b.app/bin/maci64/libicuuc.61.1.dylib
0x000000012cdd5000 	/Applications/MATLAB_R2019b.app/bin/maci64/libicui18n.61.1.dylib
0x000000012d07c000 	/Applications/MATLAB_R2019b.app/bin/maci64/libicudata.61.1.dylib
0x000000012c340000 	/Applications/MATLAB_R2019b.app/sys/java/jre/maci64/jre/lib/libnio.dylib
0x000000012c350000 	/Applications/MATLAB_R2019b.app/sys/java/jre/maci64/jre/lib/libnet.dylib
0x000000012eb75000 	/Applications/MATLAB_R2019b.app/sys/java/jre/maci64/jre/lib/libsunec.dylib
0x00007fff6913a000 	/usr/lib/libusrtcp.dylib
0x00007fff3a951000 	/System/Library/Frameworks/OpenGL.framework/Versions/A/Resources/GLEngine.bundle/GLEngine
0x00007fff39d34000 	/System/Library/Frameworks/OpenGL.framework/Versions/A/Libraries/libGLProgrammability.dylib
0x00007fff250d1000 	/System/Library/Extensions/AppleIntelBDWGraphicsGLDriver.bundle/Contents/MacOS/AppleIntelBDWGraphicsGLDriver
0x00007fff511da000 	/System/Library/PrivateFrameworks/GPUSupport.framework/Versions/A/Libraries/libGPUSupportMercury.dylib
0x00007fff3aacb000 	/System/Library/Frameworks/OpenGL.framework/Versions/A/Resources/GLRendererFloat.bundle/GLRendererFloat
0x00007fff392ed000 	/System/Library/Frameworks/OpenCL.framework/Versions/A/Libraries/libcldcpuengine.dylib
0x00007fff63cc4000 	/System/Library/PrivateFrameworks/login.framework/Versions/A/login
0x000000012eab5000 	/Applications/MATLAB_R2019b.app/sys/java/jre/maci64/jre/lib/libosxui.dylib
0x00007fff5268c000 	/System/Library/PrivateFrameworks/HDRProcessing.framework/Versions/A/HDRProcessing
0x000000012f9c2000 	/Applications/MATLAB_R2019b.app/sys/java/jre/maci64/jre/lib/libosx.dylib

VM Arguments:
jvm_args: -Djava.library.path=/Applications/MATLAB_R2019b.app/bin/maci64 
java_command: com.mathworks.fatalexit.FatalExitFrame /Users/danielkiesewalter/matlab_crash_dump.1802-1 -segvURL https://udc-service.mathworks.com/udc/service/v1 -mweInstall /Applications/MATLAB_R2019b.app -desktopOS Darwin 19.4.0 Darwin Kernel Version 19.4.0: Wed Mar  4 22:28:40 PST 2020; root:xnu-6153.101.6~15/RELEASE_X86_64 x86_64 -desktopPlatform maci64 -installationId aabbc052-72eb-4931-ab6b-b281becef036 -machineHash 959eb690e287ccd25b02374c01ba3ab5 -releaseFamily R2019b -sessionKey be130800-a210-4087-9380-bb5c1e811978 -version 9.7.0.1319299 (R2019b) Update 5 -optIn
java_class_path (initial): /Applications/MATLAB_R2019b.app/java/jar/fatalexit.jar:/Applications/MATLAB_R2019b.app/java/jar/crash_analyzer.jar:/Applications/MATLAB_R2019b.app/java/jar/mlwebservices.jar:/Applications/MATLAB_R2019b.app/java/jar/net.jar:/Applications/MATLAB_R2019b.app/java/jar/webproxy.jar:/Applications/MATLAB_R2019b.app/java/jarext/webservices/udc_client/udc_client.jar:/Applications/MATLAB_R2019b.app/java/jarext/webservices/urlmanager/urlmanager.jar:/Applications/MATLAB_R2019b.app/java/jarext/webservices/ws_client_core/mw-service-client-core.jar:/Applications/MATLAB_R2019b.app/java/jarext/commons-cli.jar:/Applications/MATLAB_R2019b.app/java/jarext/commons-codec.jar:/Applications/MATLAB_R2019b.app/java/jarext/commons-io.jar:/Applications/MATLAB_R2019b.app/java/jarext/commons-lang.jar:/Applications/MATLAB_R2019b.app/java/jarext/commons-logging.jar:/Applications/MATLAB_R2019b.app/java/jarext/jgoodies-looks.jar:/Applications/MATLAB_R2019b.app/java/jarext/axis2/activation.jar:/Applications/MATLAB_R2019b.app/java/jarext/axis2/axiom-api.jar:/Applications/MATLAB_R2019b.app/java/jarext/axis2/axiom-impl.jar:/Applications/MATLAB_R2019b.app/java/jarext/axis2/axis2-adb.jar:/Applications/MATLAB_R2019b.app/java/jarext/axis2/axis2-kernel.jar:/Applications/MATLAB_R2019b.app/java/jarext/axis2/axis2-transport-http.jar:/Applications/MATLAB_R2019b.app/java/jarext/axis2/axis2-transport-local.jar:/Applications/MATLAB_R2019b.app/java/jarext/axis2/commons-httpclient.jar:/Applications/MATLAB_R2019b.app/java/jarext/axis2/geronimo-stax-api.jar:/Applications/MATLAB_R2019b.app/java/jarext/axis2/httpcore.jar:/Applications/MATLAB_R2019b.app/java/jarext/axis2/mail.jar:/Applications/MATLAB_R2019b.app/java/jarext/axis2/neethi.jar:/Applications/MATLAB_R2019b.app/java/jarext/axis2/wsdl4j.jar:/Applications/MATLAB_R2019b.app/java/jarext/axis2/wstx-asl.jar:/Applications/MATLAB_R2019b.app/java/jarext/axis2/XmlSchema.jar:/Applications/MATLAB_R2019b.app/java/jar/ja_JP/fatalexit_res.jar:/Appli
Launcher Type: SUN_STANDARD

Environment Variables:
PATH=/usr/bin:/bin:/usr/sbin:/sbin
SHELL=/bin/zsh
DISPLAY=/private/tmp/com.apple.launchd.naBWm11IiR/org.macosforge.xquartz:0
ARCH=maci64

Signal Handlers:
SIGSEGV: [libjvm.dylib+0x5b719d], sa_mask[0]=11111111011111110111111111111111, sa_flags=SA_ONSTACK|SA_RESTART|SA_SIGINFO
SIGBUS: [libjvm.dylib+0x5b719d], sa_mask[0]=11111111011111110111111111111111, sa_flags=SA_RESTART|SA_SIGINFO
SIGFPE: [libjvm.dylib+0x48c8fc], sa_mask[0]=11111111011111110111111111111111, sa_flags=SA_RESTART|SA_SIGINFO
SIGPIPE: [libjvm.dylib+0x48c8fc], sa_mask[0]=11111111011111110111111111111111, sa_flags=SA_RESTART|SA_SIGINFO
SIGXFSZ: [libjvm.dylib+0x48c8fc], sa_mask[0]=11111111011111110111111111111111, sa_flags=SA_RESTART|SA_SIGINFO
SIGILL: [libjvm.dylib+0x48c8fc], sa_mask[0]=11111111011111110111111111111111, sa_flags=SA_RESTART|SA_SIGINFO
SIGUSR1: SIG_DFL, sa_mask[0]=00000000000000000000000000000000, sa_flags=none
SIGUSR2: [libjvm.dylib+0x48c41a], sa_mask[0]=01100000001010000100000000010000, sa_flags=SA_RESTART|SA_SIGINFO
SIGHUP: [libjvm.dylib+0x48a9a5], sa_mask[0]=11111111011111110111111111111111, sa_flags=SA_RESTART|SA_SIGINFO
SIGINT: [libjvm.dylib+0x48a9a5], sa_mask[0]=11111111011111110111111111111111, sa_flags=SA_RESTART|SA_SIGINFO
SIGTERM: [libjvm.dylib+0x48a9a5], sa_mask[0]=11111111011111110111111111111111, sa_flags=SA_RESTART|SA_SIGINFO
SIGQUIT: [libjvm.dylib+0x48a9a5], sa_mask[0]=11111111011111110111111111111111, sa_flags=SA_RESTART|SA_SIGINFO


---------------  S Y S T E M  ---------------

OS:Bsduname:Darwin 19.4.0 Darwin Kernel Version 19.4.0: Wed Mar  4 22:28:40 PST 2020; root:xnu-6153.101.6~15/RELEASE_X86_64 x86_64
rlimit: STACK 8192k, CORE 0k, NPROC 2784, NOFILE 10240, AS infinity
load average:59.72 25.62 12.35

CPU:total 4 (initial active 4) (2 cores per cpu, 2 threads per core) family 6 model 61 stepping 4, cmov, cx8, fxsr, mmx, sse, sse2, sse3, ssse3, sse4.1, sse4.2, popcnt, avx, avx2, aes, clmul, erms, 3dnowpref, lzcnt, ht, tsc, tscinvbit, bmi1, bmi2, adx

Memory: 4k page, physical 16777216k(861620k free)

/proc/meminfo:


vm_info: Java HotSpot(TM) 64-Bit Server VM (25.202-b08) for bsd-amd64 JRE (1.8.0_202-b08), built on Dec 15 2018 20:16:16 by "java_re" with gcc 4.2.1 (Based on Apple Inc. build 5658) (LLVM build 2336.11.00)

time: Mon May  4 21:50:40 2020
timezone: CEST
elapsed time: 131 seconds (0d 0h 2m 11s)

